#
# There is insufficient memory for the Java Runtime Environment to continue.
# Native memory allocation (malloc) failed to allocate 1048576 bytes for AllocateHeap
# Possible reasons:
#   The system is out of physical RAM or swap space
#   The process is running with CompressedOops enabled, and the Java Heap may be blocking the growth of the native heap
# Possible solutions:
#   Reduce memory load on the system
#   Increase physical memory or swap space
#   Check if swap backing store is full
#   Decrease Java heap size (-Xmx/-Xms)
#   Decrease number of Java threads
#   Decrease Java thread stack sizes (-Xss)
#   Set larger code cache with -XX:ReservedCodeCacheSize=
#   JVM is running with Unscaled Compressed Oops mode in which the Java heap is
#     placed in the first 4GB address space. The Java Heap base address is the
#     maximum limit for the native heap growth. Please use -XX:HeapBaseMinAddress
#     to set the Java Heap base and to place the Java Heap above 4GB virtual address.
# This output file may be truncated or incomplete.
#
#  Out of Memory Error (allocation.cpp:44), pid=15496, tid=6032
#
# JRE version:  (17.0.10+7) (build )
# Java VM: OpenJDK 64-Bit Server VM (17.0.10+7, mixed mode, tiered, compressed oops, compressed class ptrs, parallel gc, windows-amd64)
# No core dump will be written. Minidumps are not enabled by default on client versions of Windows
#

---------------  S U M M A R Y ------------

Command Line: --add-modules=ALL-SYSTEM --add-opens=java.base/java.util=ALL-UNNAMED --add-opens=java.base/java.lang=ALL-UNNAMED --add-opens=java.base/sun.nio.fs=ALL-UNNAMED -Declipse.application=org.eclipse.jdt.ls.core.id1 -Dosgi.bundles.defaultStartLevel=4 -Declipse.product=org.eclipse.jdt.ls.core.product -Djava.import.generatesMetadataFilesAtProjectRoot=false -DDetectVMInstallationsJob.disabled=true -Dfile.encoding=utf8 -XX:+UseParallelGC -XX:GCTimeRatio=4 -XX:AdaptiveSizePolicyWeight=90 -Dsun.zip.disableMemoryMapping=true -Xmx1G -Xms100m -Xlog:disable -javaagent:c:\Users\Admin\.vscode\extensions\redhat.java-1.29.0-win32-x64\lombok\lombok-1.18.32.jar c:\Users\Admin\.vscode\extensions\redhat.java-1.29.0-win32-x64\server\plugins\org.eclipse.equinox.launcher_1.6.800.v20240304-1850.jar -configuration c:\Users\Admin\AppData\Roaming\Code\User\globalStorage\redhat.java\1.29.0\config_ss_win -data c:\Users\Admin\AppData\Roaming\Code\User\workspaceStorage\899004adfd8c77cf754c60706c0242b9\redhat.java\ss_ws --stdio

Host: Intel(R) Core(TM) i5-10210U CPU @ 1.60GHz, 8 cores, 15G,  Windows 11 , 64 bit Build 22621 (10.0.22621.3374)
Time: Tue Apr  9 15:44:57 2024 SE Asia Standard Time elapsed time: 0.130229 seconds (0d 0h 0m 0s)

---------------  T H R E A D  ---------------

Current thread (0x000001f5a9afec60):  JavaThread "Unknown thread" [_thread_in_vm, id=6032, stack(0x000000a4b2200000,0x000000a4b2300000)]

Stack: [0x000000a4b2200000,0x000000a4b2300000]
Native frames: (J=compiled Java code, j=interpreted, Vv=VM code, C=native code)
V  [jvm.dll+0x67d2c9]
V  [jvm.dll+0x834afa]
V  [jvm.dll+0x8365be]
V  [jvm.dll+0x836c23]
V  [jvm.dll+0x2477ff]
V  [jvm.dll+0xa6c93]
V  [jvm.dll+0x6afe5a]
V  [jvm.dll+0x6b0b4f]
V  [jvm.dll+0x689a43]
V  [jvm.dll+0x806a7b]
V  [jvm.dll+0x36c774]
V  [jvm.dll+0x7e4e06]
V  [jvm.dll+0x3eff3f]
V  [jvm.dll+0x3f1b71]
C  [jli.dll+0x528f]
C  [ucrtbase.dll+0x29333]
C  [KERNEL32.DLL+0x1257d]
C  [ntdll.dll+0x5aa48]


---------------  P R O C E S S  ---------------

Threads class SMR info:
_java_thread_list=0x00007ffd71cbee98, length=0, elements={
}

Java Threads: ( => current thread )

Other Threads:
  0x000001f5a9b14a90 GCTaskThread "GC Thread#0" [stack: 0x000000a4b2300000,0x000000a4b2400000] [id=15716]

=>0x000001f5a9afec60 (exited) JavaThread "Unknown thread" [_thread_in_vm, id=6032, stack(0x000000a4b2200000,0x000000a4b2300000)]

Threads with active compile tasks:

VM state: not at safepoint (normal execution)

VM Mutex/Monitor currently owned by a thread: None

Heap address: 0x00000000c0000000, size: 1024 MB, Compressed Oops mode: 32-bit

CDS archive(s) not mapped
Compressed class space mapped at: 0x0000000100000000-0x0000000140000000, reserved size: 1073741824
Narrow klass base: 0x0000000000000000, Narrow klass shift: 3, Narrow klass range: 0x140000000

GC Precious Log:
 CPUs: 8 total, 8 available
 Memory: 16205M
 Large Page Support: Disabled
 NUMA Support: Disabled
 Compressed Oops: Enabled (32-bit)
 Alignments: Space 512K, Generation 512K, Heap 2M
 Heap Min Capacity: 100M
 Heap Initial Capacity: 100M
 Heap Max Capacity: 1G
 Pre-touch: Disabled
 Parallel Workers: 8

Heap:
 PSYoungGen      total 29696K, used 512K [0x00000000eab00000, 0x00000000ecc00000, 0x0000000100000000)
  eden space 25600K, 2% used [0x00000000eab00000,0x00000000eab80070,0x00000000ec400000)
  from space 4096K, 0% used [0x00000000ec800000,0x00000000ec800000,0x00000000ecc00000)
  to   space 4096K, 0% used [0x00000000ec400000,0x00000000ec400000,0x00000000ec800000)
 ParOldGen       total 68608K, used 0K [0x00000000c0000000, 0x00000000c4300000, 0x00000000eab00000)
  object space 68608K, 0% used [0x00000000c0000000,0x00000000c0000000,0x00000000c4300000)
 Metaspace       used 1149K, committed 1216K, reserved 1114112K
  class space    used 101K, committed 128K, reserved 1048576K

Card table byte_map: [0x000001f5a9490000,0x000001f5a96a0000] _byte_map_base: 0x000001f5a8e90000

Marking Bits: (ParMarkBitMap*) 0x00007ffd71d2d7d0
 Begin Bits: [0x000001f5bb790000, 0x000001f5bc790000)
 End Bits:   [0x000001f5bc790000, 0x000001f5bd790000)

Polling page: 0x000001f5a7a30000

Metaspace:

Usage:
  Non-class:      1.02 MB used.
      Class:    101.05 KB used.
       Both:      1.12 MB used.

Virtual space:
  Non-class space:       64.00 MB reserved,       1.06 MB (  2%) committed,  1 nodes.
      Class space:        1.00 GB reserved,     128.00 KB ( <1%) committed,  1 nodes.
             Both:        1.06 GB reserved,       1.19 MB ( <1%) committed. 

Chunk freelists:
   Non-Class:  12.00 MB
       Class:  15.75 MB
        Both:  27.75 MB

MaxMetaspaceSize: unlimited
CompressedClassSpaceSize: 1.00 GB
Initial GC threshold: 21.00 MB
Current GC threshold: 17179869184.00 GB
CDS: off
MetaspaceReclaimPolicy: balanced
 - commit_granule_bytes: 65536.
 - commit_granule_words: 8192.
 - virtual_space_node_default_size: 8388608.
 - enlarge_chunks_in_place: 1.
 - new_chunks_are_fully_committed: 0.
 - uncommit_free_chunks: 1.
 - use_allocation_guard: 0.
 - handle_deallocations: 1.


Internal statistics:

num_allocs_failed_limit: 0.
num_arena_births: 2.
num_arena_deaths: 0.
num_vsnodes_births: 2.
num_vsnodes_deaths: 0.
num_space_committed: 19.
num_space_uncommitted: 0.
num_chunks_returned_to_freelist: 0.
num_chunks_taken_from_freelist: 3.
num_chunk_merges: 0.
num_chunk_splits: 2.
num_chunks_enlarged: 0.
num_inconsistent_stats: 0.

CodeHeap 'non-profiled nmethods': size=120000Kb used=0Kb max_used=0Kb free=120000Kb
 bounds [0x000001f5b4260000, 0x000001f5b44d0000, 0x000001f5bb790000]
CodeHeap 'profiled nmethods': size=120000Kb used=0Kb max_used=0Kb free=120000Kb
 bounds [0x000001f5ac790000, 0x000001f5aca00000, 0x000001f5b3cc0000]
CodeHeap 'non-nmethods': size=5760Kb used=202Kb max_used=353Kb free=5557Kb
 bounds [0x000001f5b3cc0000, 0x000001f5b3f30000, 0x000001f5b4260000]
 total_blobs=66 nmethods=0 adapters=47
 compilation: enabled
              stopped_count=0, restarted_count=0
 full_count=0

Compilation events (0 events):
No events

GC Heap History (0 events):
No events

Dll operation events (1 events):
Event: 0.023 Loaded shared library c:\Users\Admin\.vscode\extensions\redhat.java-1.29.0-win32-x64\jre\17.0.10-win32-x86_64\bin\java.dll

Deoptimization events (0 events):
No events

Classes unloaded (0 events):
No events

Classes redefined (0 events):
No events

Internal exceptions (0 events):
No events

VM Operations (0 events):
No events

Events (20 events):
Event: 0.108 loading class java/lang/Long
Event: 0.113 loading class java/lang/Long done
Event: 0.113 loading class java/util/Iterator
Event: 0.113 loading class java/util/Iterator done
Event: 0.113 loading class java/lang/reflect/RecordComponent
Event: 0.113 loading class java/lang/reflect/RecordComponent done
Event: 0.113 loading class jdk/internal/vm/vector/VectorSupport
Event: 0.115 loading class jdk/internal/vm/vector/VectorSupport done
Event: 0.115 loading class jdk/internal/vm/vector/VectorSupport$VectorPayload
Event: 0.115 loading class jdk/internal/vm/vector/VectorSupport$VectorPayload done
Event: 0.115 loading class jdk/internal/vm/vector/VectorSupport$Vector
Event: 0.115 loading class jdk/internal/vm/vector/VectorSupport$Vector done
Event: 0.115 loading class jdk/internal/vm/vector/VectorSupport$VectorMask
Event: 0.115 loading class jdk/internal/vm/vector/VectorSupport$VectorMask done
Event: 0.115 loading class jdk/internal/vm/vector/VectorSupport$VectorShuffle
Event: 0.115 loading class jdk/internal/vm/vector/VectorSupport$VectorShuffle done
Event: 0.118 loading class java/lang/NullPointerException
Event: 0.118 loading class java/lang/NullPointerException done
Event: 0.118 loading class java/lang/ArithmeticException
Event: 0.118 loading class java/lang/ArithmeticException done


Dynamic libraries:
0x00007ff62a090000 - 0x00007ff62a09e000 	c:\Users\Admin\.vscode\extensions\redhat.java-1.29.0-win32-x64\jre\17.0.10-win32-x86_64\bin\java.exe
0x00007ffddbcf0000 - 0x00007ffddbf06000 	C:\WINDOWS\SYSTEM32\ntdll.dll
0x00007ffdda470000 - 0x00007ffdda534000 	C:\WINDOWS\System32\KERNEL32.DLL
0x00007ffdd9670000 - 0x00007ffdd9a17000 	C:\WINDOWS\System32\KERNELBASE.dll
0x00007ffdd9010000 - 0x00007ffdd9121000 	C:\WINDOWS\System32\ucrtbase.dll
0x00007ffda9b20000 - 0x00007ffda9b37000 	c:\Users\Admin\.vscode\extensions\redhat.java-1.29.0-win32-x64\jre\17.0.10-win32-x86_64\bin\jli.dll
0x00007ffd9a0f0000 - 0x00007ffd9a10b000 	c:\Users\Admin\.vscode\extensions\redhat.java-1.29.0-win32-x64\jre\17.0.10-win32-x86_64\bin\VCRUNTIME140.dll
0x00007ffddbb00000 - 0x00007ffddbcae000 	C:\WINDOWS\System32\USER32.dll
0x00007ffdd9130000 - 0x00007ffdd9156000 	C:\WINDOWS\System32\win32u.dll
0x00007ffdda130000 - 0x00007ffdda159000 	C:\WINDOWS\System32\GDI32.dll
0x00007ffdd93e0000 - 0x00007ffdd94f9000 	C:\WINDOWS\System32\gdi32full.dll
0x00007ffdd9340000 - 0x00007ffdd93da000 	C:\WINDOWS\System32\msvcp_win.dll
0x00007ffdc33b0000 - 0x00007ffdc3643000 	C:\WINDOWS\WinSxS\amd64_microsoft.windows.common-controls_6595b64144ccf1df_6.0.22621.3235_none_270f74e173860f98\COMCTL32.dll
0x00007ffdda6a0000 - 0x00007ffdda747000 	C:\WINDOWS\System32\msvcrt.dll
0x00007ffdd9a30000 - 0x00007ffdd9a61000 	C:\WINDOWS\System32\IMM32.DLL
0x00007ffdb9980000 - 0x00007ffdb998c000 	c:\Users\Admin\.vscode\extensions\redhat.java-1.29.0-win32-x64\jre\17.0.10-win32-x86_64\bin\vcruntime140_1.dll
0x00007ffd72a80000 - 0x00007ffd72b0d000 	c:\Users\Admin\.vscode\extensions\redhat.java-1.29.0-win32-x64\jre\17.0.10-win32-x86_64\bin\msvcp140.dll
0x00007ffd71190000 - 0x00007ffd71df2000 	c:\Users\Admin\.vscode\extensions\redhat.java-1.29.0-win32-x64\jre\17.0.10-win32-x86_64\bin\server\jvm.dll
0x00007ffddb620000 - 0x00007ffddb6d2000 	C:\WINDOWS\System32\ADVAPI32.dll
0x00007ffddb870000 - 0x00007ffddb918000 	C:\WINDOWS\System32\sechost.dll
0x00007ffdd9640000 - 0x00007ffdd9668000 	C:\WINDOWS\System32\bcrypt.dll
0x00007ffddb010000 - 0x00007ffddb125000 	C:\WINDOWS\System32\RPCRT4.dll
0x00007ffdd8ee0000 - 0x00007ffdd8f2d000 	C:\WINDOWS\SYSTEM32\POWRPROF.dll
0x00007ffdd1b20000 - 0x00007ffdd1b54000 	C:\WINDOWS\SYSTEM32\WINMM.dll
0x00007ffdb8840000 - 0x00007ffdb8849000 	C:\WINDOWS\SYSTEM32\WSOCK32.dll
0x00007ffdd2540000 - 0x00007ffdd254a000 	C:\WINDOWS\SYSTEM32\VERSION.dll
0x00007ffddb920000 - 0x00007ffddb991000 	C:\WINDOWS\System32\WS2_32.dll
0x00007ffdd8ec0000 - 0x00007ffdd8ed3000 	C:\WINDOWS\SYSTEM32\UMPDC.dll
0x00007ffdd8060000 - 0x00007ffdd8078000 	C:\WINDOWS\SYSTEM32\kernel.appcore.dll
0x00007ffdb93c0000 - 0x00007ffdb93ca000 	c:\Users\Admin\.vscode\extensions\redhat.java-1.29.0-win32-x64\jre\17.0.10-win32-x86_64\bin\jimage.dll
0x00007ffdd67b0000 - 0x00007ffdd69e3000 	C:\WINDOWS\SYSTEM32\DBGHELP.DLL
0x00007ffddb290000 - 0x00007ffddb618000 	C:\WINDOWS\System32\combase.dll
0x00007ffddb130000 - 0x00007ffddb207000 	C:\WINDOWS\System32\OLEAUT32.dll
0x00007ffdc6410000 - 0x00007ffdc6442000 	C:\WINDOWS\SYSTEM32\dbgcore.DLL
0x00007ffdd95c0000 - 0x00007ffdd9639000 	C:\WINDOWS\System32\bcryptPrimitives.dll
0x00007ffdb90b0000 - 0x00007ffdb90be000 	c:\Users\Admin\.vscode\extensions\redhat.java-1.29.0-win32-x64\jre\17.0.10-win32-x86_64\bin\instrument.dll
0x00007ffd72a50000 - 0x00007ffd72a75000 	c:\Users\Admin\.vscode\extensions\redhat.java-1.29.0-win32-x64\jre\17.0.10-win32-x86_64\bin\java.dll
0x00007ffd982c0000 - 0x00007ffd982d8000 	c:\Users\Admin\.vscode\extensions\redhat.java-1.29.0-win32-x64\jre\17.0.10-win32-x86_64\bin\zip.dll

dbghelp: loaded successfully - version: 4.0.5 - missing functions: none
symbol engine: initialized successfully - sym options: 0x614 - pdb path: .;c:\Users\Admin\.vscode\extensions\redhat.java-1.29.0-win32-x64\jre\17.0.10-win32-x86_64\bin;C:\WINDOWS\SYSTEM32;C:\WINDOWS\WinSxS\amd64_microsoft.windows.common-controls_6595b64144ccf1df_6.0.22621.3235_none_270f74e173860f98;c:\Users\Admin\.vscode\extensions\redhat.java-1.29.0-win32-x64\jre\17.0.10-win32-x86_64\bin\server

VM Arguments:
jvm_args: --add-modules=ALL-SYSTEM --add-opens=java.base/java.util=ALL-UNNAMED --add-opens=java.base/java.lang=ALL-UNNAMED --add-opens=java.base/sun.nio.fs=ALL-UNNAMED -Declipse.application=org.eclipse.jdt.ls.core.id1 -Dosgi.bundles.defaultStartLevel=4 -Declipse.product=org.eclipse.jdt.ls.core.product -Djava.import.generatesMetadataFilesAtProjectRoot=false -DDetectVMInstallationsJob.disabled=true -Dfile.encoding=utf8 -XX:+UseParallelGC -XX:GCTimeRatio=4 -XX:AdaptiveSizePolicyWeight=90 -Dsun.zip.disableMemoryMapping=true -Xmx1G -Xms100m -Xlog:disable -javaagent:c:\Users\Admin\.vscode\extensions\redhat.java-1.29.0-win32-x64\lombok\lombok-1.18.32.jar 
java_command: c:\Users\Admin\.vscode\extensions\redhat.java-1.29.0-win32-x64\server\plugins\org.eclipse.equinox.launcher_1.6.800.v20240304-1850.jar -configuration c:\Users\Admin\AppData\Roaming\Code\User\globalStorage\redhat.java\1.29.0\config_ss_win -data c:\Users\Admin\AppData\Roaming\Code\User\workspaceStorage\899004adfd8c77cf754c60706c0242b9\redhat.java\ss_ws --stdio
java_class_path (initial): c:\Users\Admin\.vscode\extensions\redhat.java-1.29.0-win32-x64\server\plugins\org.eclipse.equinox.launcher_1.6.800.v20240304-1850.jar
Launcher Type: SUN_STANDARD

[Global flags]
    uintx AdaptiveSizePolicyWeight                 = 90                                        {product} {command line}
     intx CICompilerCount                          = 4                                         {product} {ergonomic}
    uintx GCTimeRatio                              = 4                                         {product} {command line}
   size_t InitialHeapSize                          = 104857600                                 {product} {command line}
   size_t MaxHeapSize                              = 1073741824                                {product} {command line}
   size_t MaxNewSize                               = 357564416                                 {product} {ergonomic}
   size_t MinHeapDeltaBytes                        = 524288                                    {product} {ergonomic}
   size_t MinHeapSize                              = 104857600                                 {product} {command line}
   size_t NewSize                                  = 34603008                                  {product} {ergonomic}
    uintx NonNMethodCodeHeapSize                   = 5839372                                {pd product} {ergonomic}
    uintx NonProfiledCodeHeapSize                  = 122909434                              {pd product} {ergonomic}
   size_t OldSize                                  = 70254592                                  {product} {ergonomic}
    uintx ProfiledCodeHeapSize                     = 122909434                              {pd product} {ergonomic}
    uintx ReservedCodeCacheSize                    = 251658240                              {pd product} {ergonomic}
     bool SegmentedCodeCache                       = true                                      {product} {ergonomic}
   size_t SoftMaxHeapSize                          = 1073741824                             {manageable} {ergonomic}
     bool UseCompressedClassPointers               = true                           {product lp64_product} {ergonomic}
     bool UseCompressedOops                        = true                           {product lp64_product} {ergonomic}
     bool UseLargePagesIndividualAllocation        = false                                  {pd product} {ergonomic}
     bool UseParallelGC                            = true                                      {product} {command line}

Logging:
Log output configuration:
 #0: stdout all=off uptime,level,tags
 #1: stderr all=off uptime,level,tags

Environment Variables:
JAVA_HOME=C:\Program Files\Android\Android Studio\jbr
PATH=C:\Program Files\Common Files\Oracle\Java\javapath;C:\WINDOWS\system32;C:\WINDOWS;C:\WINDOWS\System32\Wbem;C:\WINDOWS\System32\WindowsPowerShell\v1.0\;C:\WINDOWS\System32\OpenSSH\;C:\Program Files\dotnet\;C:\Program Files\nodejs\;C:\Program Files (x86)\Microsoft SQL Server\160\DTS\Binn\;C:\Program Files\Microsoft SQL Server\160\Tools\Binn\;C:\Program Files\Microsoft SQL Server\Client SDK\ODBC\170\Tools\Binn\;C:\Program Files\Microsoft SQL Server\160\DTS\Binn\;C:\Program Files\Git\cmd;C:\Program Files (x86)\Windows Kits\10\Windows Performance Toolkit\;C:\Program Files\Cloudflare\Cloudflare WARP\;C:\Users\Admin\AppData\Local\Microsoft\WindowsApps;C:\Users\Admin\AppData\Local\Programs\Microsoft VS Code\bin;C:\Users\Admin\OneDrive\Ta`i liê?u\PowerShell\Scripts;C:\ghcup\bin;C:\Program Files\Java\jdk-20\bin;C:\mingw64\bin;C:\Users\Admin\AppData\Roaming\npm;C:\Users\Admin\AppData\Local\Microsoft\WindowsApps;C:\Users\Admin\AppData\Local\GitHubDesktop\bin;D:\Android\Sdk\platforms;D:\Android\Sdk\platform-tools;C:\Program Files\Common Files\Oracle\Java\javapath;C:\Program Files\nodejs\;C:\Program Files\Azure Data Studio\bin;D:\Jetbrains\IntelliJ IDEA Community Edition 2023.3.3\bin;;C:\Program Files\MongoDB\Server\7.0\bin;
USERNAME=Admin
OS=Windows_NT
PROCESSOR_IDENTIFIER=Intel64 Family 6 Model 142 Stepping 12, GenuineIntel
TMP=C:\Users\Admin\AppData\Local\Temp
TEMP=C:\Users\Admin\AppData\Local\Temp



Periodic native trim disabled


---------------  S Y S T E M  ---------------

OS:
 Windows 11 , 64 bit Build 22621 (10.0.22621.3374)
OS uptime: 0 days 4:05 hours

CPU: total 8 (initial active 8) (4 cores per cpu, 2 threads per core) family 6 model 142 stepping 12 microcode 0xea, cx8, cmov, fxsr, ht, mmx, 3dnowpref, sse, sse2, sse3, ssse3, sse4.1, sse4.2, popcnt, lzcnt, tsc, tscinvbit, avx, avx2, aes, erms, clmul, bmi1, bmi2, adx, fma, vzeroupper, clflush, clflushopt
Processor Information for all 8 processors :
  Max Mhz: 2112, Current Mhz: 1609, Mhz Limit: 1605

Memory: 4k page, system-wide physical 16205M (3987M free)
TotalPageFile size 17209M (AvailPageFile size 8M)
current process WorkingSet (physical memory assigned to process): 16M, peak: 16M
current process commit charge ("private bytes"): 150M, peak: 151M

vm_info: OpenJDK 64-Bit Server VM (17.0.10+7) for windows-amd64 JRE (17.0.10+7), built on Jan 16 2024 23:25:11 by "admin" with MS VC++ 16.10 / 16.11 (VS2019)

END.
